#
# A fatal error has been detected by the Java Runtime Environment:
#
#  SIGFPE (0x8) at pc=0x00000001106d3868, pid=2308, tid=0x0000000000001803
#
# JRE version: Java(TM) SE Runtime Environment (8.0_202-b08) (build 1.8.0_202-b08)
# Java VM: Java HotSpot(TM) 64-Bit Server VM (25.202-b08 mixed mode bsd-amd64 compressed oops)
# Problematic frame:
# j  exception.Exception02.main([Ljava/lang/String;)V+5
#
# Failed to write core dump. Core dumps have been disabled. To enable core dumping, try "ulimit -c unlimited" before starting Java again
#
# If you would like to submit a bug report, please visit:
#   http://bugreport.java.com/bugreport/crash.jsp
#

---------------  T H R E A D  ---------------

Current thread (0x00007fbb23814000):  JavaThread "main" [_thread_in_Java, id=6147, stack(0x00000003086e5000,0x00000003087e5000)]

siginfo: si_signo: 8 (SIGFPE), si_code: 5 (FPE_FLTINV), si_addr: 0x00000001106d3868

Registers:
RAX=0x0000000000000064, RBX=0x000000000000006c, RCX=0x0000000000000000, RDX=0x0000000000000000
RSP=0x00000003087e49a8, RBP=0x00000003087e49e8, RSI=0x00000003087e4938, RDI=0x00000001106bf2bd
R8 =0x000000000000000a, R9 =0x000000076ab1b1b8, R10=0x000000010f10a160, R11=0x00000003087e4530
R12=0x0000000000000000, R13=0x00000001293ce3b3, R14=0x00000003087e4a08, R15=0x00007fbb23814000
RIP=0x00000001106d3868, EFLAGS=0x0000000000000a83, ERR=0x0000000000000000
  TRAPNO=0x0000000000000000

Top of Stack: (sp=0x00000003087e49a8)
0x00000003087e49a8:   00000003087e49a8 00000001293ce3ad
0x00000003087e49b8:   00000003087e4a08 00000001293ce4b0
0x00000003087e49c8:   0000000000000000 00000001293ce440
0x00000003087e49d8:   0000000000000000 00000003087e4a08
0x00000003087e49e8:   00000003087e4a70 00000001106b77a7
0x00000003087e49f8:   0000000000000000 0000000000000000
0x00000003087e4a08:   000000076ab64d20 0000000100001fa0
0x00000003087e4a18:   000000000000000a 00007fbb23814000
0x00000003087e4a28:   0000000000000001 00000001106b771f
0x00000003087e4a38:   00000001293ce440 00000003087e4b08
0x00000003087e4a48:   00000003087e4e90 000000010000000a
0x00000003087e4a58:   00000001293ce440 00000001106ca600
0x00000003087e4a68:   00000003087e4c48 00000003087e4c20
0x00000003087e4a78:   000000010eaf0d1e 0000000000000001
0x00000003087e4a88:   00007fbb23814000 00000003087e4df0
0x00000003087e4a98:   00000003087e4e90 0000000000000000
0x00000003087e4aa8:   00000001106ca600 0000000102262f37
0x00000003087e4ab8:   00000003087e4c40 00000003087e4e88
0x00000003087e4ac8:   00007fbb23814000 00007fbb23814000
0x00000003087e4ad8:   00007fbb234158c0 00007fbb23415960
0x00000003087e4ae8:   00007fbb23415970 00007fbb23415a48
0x00000003087e4af8:   00000000000000d8 00007fbb23415b40
0x00000003087e4b08:   00007fbb23814000 00007fbb234169b0
0x00000003087e4b18:   00000001293ce440 0000000000000000
0x00000003087e4b28:   0000000000000000 0000000000000000
0x00000003087e4b38:   0000000000000000 00000003087e4e88
0x00000003087e4b48:   00007fff20186020 00000003087e4b80
0x00000003087e4b58:   00000001293ce440 00007fbb23814000
0x00000003087e4b68:   00000003087e4bd0 00000003087e4bd0
0x00000003087e4b78:   00007fbb28034700 00000003087e4bc0
0x00000003087e4b88:   00000001293ce440 00007fbb23814000
0x00000003087e4b98:   00000003087e4bd0 000000010eb2931c 

Instructions: (pc=0x00000001106d3868)
0x00000001106d3848:   c8 8b 04 24 48 83 c4 08 81 f8 00 00 00 80 0f 85
0x00000001106d3858:   0b 00 00 00 33 d2 83 f9 ff 0f 84 03 00 00 00 99
0x00000001106d3868:   f7 f9 41 0f b6 5d 01 49 ff c5 49 ba 60 a1 10 0f
0x00000001106d3878:   01 00 00 00 41 ff 24 da 80 00 00 00 00 00 00 00 

Register to memory mapping:

RAX=0x0000000000000064 is an unknown value
RBX=0x000000000000006c is an unknown value
RCX=0x0000000000000000 is an unknown value
RDX=0x0000000000000000 is an unknown value
RSP=0x00000003087e49a8 is pointing into the stack for thread: 0x00007fbb23814000
RBP=0x00000003087e49e8 is pointing into the stack for thread: 0x00007fbb23814000
RSI=0x00000003087e4938 is pointing into the stack for thread: 0x00007fbb23814000
RDI=0x00000001106bf2bd is at code_begin+2301 in an Interpreter codelet
invoke return entry points  [0x00000001106be9c0, 0x00000001106bf3a0]  2528 bytes
R8 =0x000000000000000a is an unknown value
R9 =0x000000076ab1b1b8 is an oop
java.io.FileDescriptor 
 - klass: 'java/io/FileDescriptor'
R10=0x000000010f10a160: _ZN19TemplateInterpreter13_active_tableE+0x2000 in /Applications/Eclipse_2021-06.app/Contents/java/8/Home/jre/lib/server/libjvm.dylib at 0x000000010e800000
R11=0x00000003087e4530 is pointing into the stack for thread: 0x00007fbb23814000
R12=0x0000000000000000 is an unknown value
R13=0x00000001293ce3b3 is pointing into metadata
R14=0x00000003087e4a08 is pointing into the stack for thread: 0x00007fbb23814000
R15=0x00007fbb23814000 is a thread


Stack: [0x00000003086e5000,0x00000003087e5000],  sp=0x00000003087e49a8,  free space=1022k
Native frames: (J=compiled Java code, j=interpreted, Vv=VM code, C=native code)
j  exception.Exception02.main([Ljava/lang/String;)V+5
v  ~StubRoutines::call_stub
V  [libjvm.dylib+0x2f0d1e]  JavaCalls::call_helper(JavaValue*, methodHandle*, JavaCallArguments*, Thread*)+0x6ae
V  [libjvm.dylib+0x327cc5]  jni_invoke_static(JNIEnv_*, JavaValue*, _jobject*, JNICallType, _jmethodID*, JNI_ArgumentPusher*, Thread*)+0x1bf
V  [libjvm.dylib+0x320a51]  jni_CallStaticVoidMethod+0x15d
C  [java+0x38c6]  JavaMain+0x9c4
C  [libsystem_pthread.dylib+0x6950]  _pthread_start+0xe0
C  [libsystem_pthread.dylib+0x247b]  thread_start+0xf
C  0x0000000000000000


---------------  P R O C E S S  ---------------

Java Threads: ( => current thread )
  0x00007fbb24012000 JavaThread "Service Thread" daemon [_thread_blocked, id=24839, stack(0x0000000309926000,0x0000000309a26000)]
  0x00007fbb23855800 JavaThread "C1 CompilerThread3" daemon [_thread_blocked, id=24323, stack(0x0000000309823000,0x0000000309923000)]
  0x00007fbb23855000 JavaThread "C2 CompilerThread2" daemon [_thread_blocked, id=23811, stack(0x0000000309720000,0x0000000309820000)]
  0x00007fbb2384c000 JavaThread "C2 CompilerThread1" daemon [_thread_blocked, id=23299, stack(0x000000030961d000,0x000000030971d000)]
  0x00007fbb24022000 JavaThread "C2 CompilerThread0" daemon [_thread_blocked, id=22787, stack(0x000000030951a000,0x000000030961a000)]
  0x00007fbb24021000 JavaThread "Signal Dispatcher" daemon [_thread_blocked, id=22275, stack(0x0000000309417000,0x0000000309517000)]
  0x00007fbb23835000 JavaThread "Finalizer" daemon [_thread_blocked, id=18179, stack(0x0000000309206000,0x0000000309306000)]
  0x00007fbb23834000 JavaThread "Reference Handler" daemon [_thread_blocked, id=18979, stack(0x0000000309103000,0x0000000309203000)]
=>0x00007fbb23814000 JavaThread "main" [_thread_in_Java, id=6147, stack(0x00000003086e5000,0x00000003087e5000)]

Other Threads:
  0x00007fbb2382d800 VMThread [stack: 0x0000000309000000,0x0000000309100000] [id=13315]
  0x00007fbb24045000 WatcherThread [stack: 0x0000000309a29000,0x0000000309b29000] [id=42759]

VM state:not at safepoint (normal execution)

VM Mutex/Monitor currently owned by a thread: None

heap address: 0x00000006c0000000, size: 4096 MB, Compressed Oops mode: Zero based, Oop shift amount: 3
Narrow klass base: 0x0000000000000000, Narrow klass shift: 3
Compressed class space size: 1073741824 Address: 0x00000007c0000000

Heap:
 PSYoungGen      total 76288K, used 1310K [0x000000076ab00000, 0x0000000770000000, 0x00000007c0000000)
  eden space 65536K, 2% used [0x000000076ab00000,0x000000076ac47af0,0x000000076eb00000)
  from space 10752K, 0% used [0x000000076f580000,0x000000076f580000,0x0000000770000000)
  to   space 10752K, 0% used [0x000000076eb00000,0x000000076eb00000,0x000000076f580000)
 ParOldGen       total 175104K, used 0K [0x00000006c0000000, 0x00000006cab00000, 0x000000076ab00000)
  object space 175104K, 0% used [0x00000006c0000000,0x00000006c0000000,0x00000006cab00000)
 Metaspace       used 2505K, capacity 4486K, committed 4864K, reserved 1056768K
  class space    used 267K, capacity 386K, committed 512K, reserved 1048576K

Card table byte_map: [0x000000011fa77000,0x0000000120278000] byte_map_base: 0x000000011c477000

Marking Bits: (ParMarkBitMap*) 0x000000010f0fbe40
 Begin Bits: [0x00000001207ce000, 0x00000001247ce000)
 End Bits:   [0x00000001247ce000, 0x00000001287ce000)

Polling page: 0x000000010a617000

CodeCache: size=245760Kb used=1073Kb max_used=1073Kb free=244686Kb
 bounds [0x00000001106b7000, 0x0000000110927000, 0x000000011f6b7000]
 total_blobs=237 nmethods=9 adapters=144
 compilation: enabled

Compilation events (10 events):
Event: 0.080 Thread 0x00007fbb23855800    2       3       java.lang.Math::min (11 bytes)
Event: 0.081 Thread 0x00007fbb23855800 nmethod 2 0x00000001107c09d0 code [0x00000001107c0b40, 0x00000001107c0cd0]
Event: 0.081 Thread 0x00007fbb23855800    7       3       java.lang.String::indexOf (70 bytes)
Event: 0.082 Thread 0x00007fbb23855800 nmethod 7 0x00000001107c0390 code [0x00000001107c0520, 0x00000001107c08a8]
Event: 0.082 Thread 0x00007fbb23855800    9       3       java.lang.String::equals (81 bytes)
Event: 0.084 Thread 0x00007fbb23855800 nmethod 9 0x00000001107c2fd0 code [0x00000001107c3160, 0x00000001107c36b0]
Event: 0.084 Thread 0x00007fbb23855800    8       3       java.lang.String::<init> (82 bytes)
Event: 0.085 Thread 0x00007fbb23855800 nmethod 8 0x00000001107c2490 code [0x00000001107c2660, 0x00000001107c2b58]
Event: 0.085 Thread 0x00007fbb23855800    4       3       java.lang.String::length (6 bytes)
Event: 0.085 Thread 0x00007fbb23855800 nmethod 4 0x00000001107c2110 code [0x00000001107c2280, 0x00000001107c23f0]

GC Heap History (0 events):
No events

Deoptimization events (0 events):
No events

Classes redefined (0 events):
No events

Internal exceptions (2 events):
Event: 0.035 Thread 0x00007fbb23814000 Exception <a 'java/lang/NoSuchMethodError': Method sun.misc.Unsafe.defineClass(Ljava/lang/String;[BII)Ljava/lang/Class; name or signature does not match> (0x000000076ab07cb0) thrown at [/Users/java_re/workspace/8-2-build-macosx-x86_64/jdk8u202/12323/hotsp
Event: 0.035 Thread 0x00007fbb23814000 Exception <a 'java/lang/NoSuchMethodError': Method sun.misc.Unsafe.prefetchRead(Ljava/lang/Object;J)V name or signature does not match> (0x000000076ab07f98) thrown at [/Users/java_re/workspace/8-2-build-macosx-x86_64/jdk8u202/12323/hotspot/src/share/vm/pr

Events (10 events):
Event: 0.087 loading class java/security/UnresolvedPermission
Event: 0.087 loading class java/security/UnresolvedPermission done
Event: 0.087 loading class java/security/BasicPermissionCollection
Event: 0.087 loading class java/security/BasicPermissionCollection done
Event: 0.089 loading class sun/launcher/LauncherHelper$FXHelper
Event: 0.089 loading class sun/launcher/LauncherHelper$FXHelper done
Event: 0.089 loading class java/lang/Class$MethodArray
Event: 0.089 loading class java/lang/Class$MethodArray done
Event: 0.092 loading class java/lang/Void
Event: 0.092 loading class java/lang/Void done


Dynamic libraries:
0x00007ffdffcfe000 	/Library/Apple/usr/libexec/oah/runtime
0x00007fff3529f000 	/System/Library/Frameworks/Cocoa.framework/Versions/A/Cocoa
0x00007fff22144000 	/System/Library/Frameworks/Security.framework/Versions/A/Security
0x00007fff3349c000 	/System/Library/Frameworks/ApplicationServices.framework/Versions/A/ApplicationServices
0x00007fff2a5ed000 	/usr/lib/libz.1.dylib
0x00007fff2a6b9000 	/usr/lib/libSystem.B.dylib
0x00007fff201f4000 	/usr/lib/libobjc.A.dylib
0x00007fff203d5000 	/System/Library/Frameworks/CoreFoundation.framework/Versions/A/CoreFoundation
0x00007fff210b7000 	/System/Library/Frameworks/Foundation.framework/Versions/C/Foundation
0x00007fff22b6b000 	/System/Library/Frameworks/AppKit.framework/Versions/C/AppKit
0x00007fff25a29000 	/System/Library/Frameworks/CoreData.framework/Versions/A/CoreData
0x00007fff238ce000 	/System/Library/PrivateFrameworks/UIFoundation.framework/Versions/A/UIFoundation
0x00007fff2fe7b000 	/System/Library/PrivateFrameworks/RemoteViewServices.framework/Versions/A/RemoteViewServices
0x00007fff28c05000 	/System/Library/PrivateFrameworks/XCTTargetBootstrap.framework/Versions/A/XCTTargetBootstrap
0x00007fff2b957000 	/usr/lib/libspindump.dylib
0x00007fff23b23000 	/System/Library/Frameworks/UniformTypeIdentifiers.framework/Versions/A/UniformTypeIdentifiers
0x00007fff273db000 	/usr/lib/libapp_launch_measurement.dylib
0x00007fff273de000 	/System/Library/PrivateFrameworks/CoreAutoLayout.framework/Versions/A/CoreAutoLayout
0x00007fff28567000 	/System/Library/Frameworks/Metal.framework/Versions/A/Metal
0x00007fff2925e000 	/usr/lib/liblangid.dylib
0x00007fff28c09000 	/System/Library/PrivateFrameworks/CoreSVG.framework/Versions/A/CoreSVG
0x00007fff24b0a000 	/System/Library/PrivateFrameworks/SkyLight.framework/Versions/A/SkyLight
0x00007fff24e71000 	/System/Library/Frameworks/CoreGraphics.framework/Versions/A/CoreGraphics
0x00007fff304d2000 	/System/Library/Frameworks/Accelerate.framework/Versions/A/Accelerate
0x00007fff2b392000 	/System/Library/PrivateFrameworks/IconServices.framework/Versions/A/IconServices
0x00007fff2854c000 	/System/Library/Frameworks/IOSurface.framework/Versions/A/IOSurface
0x00007fff263bb000 	/usr/lib/libDiagnosticMessagesClient.dylib
0x00007fff28bf1000 	/System/Library/PrivateFrameworks/DFRFoundation.framework/Versions/A/DFRFoundation
0x00007fff22496000 	/usr/lib/libicucore.A.dylib
0x00007fff2ce9c000 	/System/Library/Frameworks/AudioToolbox.framework/Versions/A/AudioToolbox
0x00007fff2c141000 	/System/Library/PrivateFrameworks/DataDetectorsCore.framework/Versions/A/DataDetectorsCore
0x00007fff288f1000 	/System/Library/Frameworks/Carbon.framework/Versions/A/Frameworks/HIToolbox.framework/Versions/A/HIToolbox
0x00007fff26e36000 	/System/Library/Frameworks/QuartzCore.framework/Versions/A/QuartzCore
0x00007fff2feb7000 	/System/Library/Frameworks/Carbon.framework/Versions/A/Frameworks/SpeechRecognition.framework/Versions/A/SpeechRecognition
0x00007fff27143000 	/System/Library/PrivateFrameworks/CoreUI.framework/Versions/A/CoreUI
0x00007fff21a9f000 	/System/Library/Frameworks/CoreAudio.framework/Versions/A/CoreAudio
0x00007fff264a6000 	/System/Library/Frameworks/DiskArbitration.framework/Versions/A/DiskArbitration
0x00007fff2bd51000 	/System/Library/PrivateFrameworks/MultitouchSupport.framework/Versions/A/MultitouchSupport
0x00007fff2c138000 	/System/Library/PrivateFrameworks/InternationalSupport.framework/Versions/A/InternationalSupport
0x00007fff24a7e000 	/usr/lib/libenergytrace.dylib
0x00007fff22a64000 	/System/Library/Frameworks/IOKit.framework/Versions/A/IOKit
0x00007fff30204000 	/System/Library/Frameworks/CoreServices.framework/Versions/A/CoreServices
0x00007fff27371000 	/System/Library/PrivateFrameworks/PerformanceAnalysis.framework/Versions/A/PerformanceAnalysis
0x00007fff6cb79000 	/System/Library/Frameworks/OpenGL.framework/Versions/A/OpenGL
0x00007fff2c1bd000 	/System/Library/PrivateFrameworks/UserActivity.framework/Versions/A/UserActivity
0x00007fff2552b000 	/System/Library/Frameworks/ColorSync.framework/Versions/A/ColorSync
0x00007fff28e75000 	/System/Library/Frameworks/CoreImage.framework/Versions/A/CoreImage
0x00007fff218b6000 	/System/Library/Frameworks/CoreText.framework/Versions/A/CoreText
0x00007fff28c33000 	/System/Library/Frameworks/ImageIO.framework/Versions/A/ImageIO
0x00007fff2a6bf000 	/System/Library/PrivateFrameworks/SoftLinking.framework/Versions/A/SoftLinking
0x00007fff27427000 	/usr/lib/libxml2.2.dylib
0x00007fff202ba000 	/usr/lib/libc++.1.dylib
0x00007fff2a931000 	/usr/lib/libcompression.dylib
0x00007fff24a7f000 	/usr/lib/libMobileGestalt.dylib
0x00007fff2c06b000 	/System/Library/PrivateFrameworks/TextureIO.framework/Versions/A/TextureIO
0x00007fff2b01f000 	/usr/lib/libate.dylib
0x00007fff2a6b3000 	/usr/lib/system/libcache.dylib
0x00007fff2a66f000 	/usr/lib/system/libcommonCrypto.dylib
0x00007fff2a699000 	/usr/lib/system/libcompiler_rt.dylib
0x00007fff2a68e000 	/usr/lib/system/libcopyfile.dylib
0x00007fff200e2000 	/usr/lib/system/libcorecrypto.dylib
0x00007fff201af000 	/usr/lib/system/libdispatch.dylib
0x00007fff20364000 	/usr/lib/system/libdyld.dylib
0x00007fff2a6aa000 	/usr/lib/system/libkeymgr.dylib
0x00007fff2dc4e000 	/usr/lib/system/liblaunch.dylib
0x00007fff2a64d000 	/usr/lib/system/libmacho.dylib
0x00007fff29e62000 	/usr/lib/system/libquarantine.dylib
0x00007fff2a6a7000 	/usr/lib/system/libremovefile.dylib
0x00007fff24adb000 	/usr/lib/system/libsystem_asl.dylib
0x00007fff20092000 	/usr/lib/system/libsystem_blocks.dylib
0x00007fff20231000 	/usr/lib/system/libsystem_c.dylib
0x00007fff2a6a1000 	/usr/lib/system/libsystem_collections.dylib
0x00007fff2924f000 	/usr/lib/system/libsystem_configuration.dylib
0x00007fff2853b000 	/usr/lib/system/libsystem_containermanager.dylib
0x00007fff2a3e5000 	/usr/lib/system/libsystem_coreservices.dylib
0x00007fff226f8000 	/usr/lib/system/libsystem_darwin.dylib
0x00007fff2a6ab000 	/usr/lib/system/libsystem_dnssd.dylib
0x00007fff2022e000 	/usr/lib/system/libsystem_featureflags.dylib
0x00007fff203a9000 	/usr/lib/system/libsystem_info.dylib
0x00007fff2a600000 	/usr/lib/system/libsystem_m.dylib
0x00007fff20182000 	/usr/lib/system/libsystem_malloc.dylib
0x00007fff24a6f000 	/usr/lib/system/libsystem_networkextension.dylib
0x00007fff22b13000 	/usr/lib/system/libsystem_notify.dylib
0x00007fff30102000 	/usr/lib/system/libsystem_product_info_filter.dylib
0x00007fff29253000 	/usr/lib/system/libsystem_sandbox.dylib
0x00007fff2a6a4000 	/usr/lib/system/libsystem_secinit.dylib
0x00007fff20329000 	/usr/lib/system/libsystem_kernel.dylib
0x00007fff2039f000 	/usr/lib/system/libsystem_platform.dylib
0x00007fff20358000 	/usr/lib/system/libsystem_pthread.dylib
0x00007fff26209000 	/usr/lib/system/libsystem_symptoms.dylib
0x00007fff200ca000 	/usr/lib/system/libsystem_trace.dylib
0x00007fff2a67b000 	/usr/lib/system/libunwind.dylib
0x00007fff20094000 	/usr/lib/system/libxpc.dylib
0x00007fff20310000 	/usr/lib/libc++abi.dylib
0x00007fff2a686000 	/usr/lib/liboah.dylib
0x00007fff2ad4a000 	/usr/lib/liblzma.5.dylib
0x00007fff20dcb000 	/System/Library/Frameworks/SystemConfiguration.framework/Versions/A/SystemConfiguration
0x00007fff2a6bb000 	/usr/lib/libfakelink.dylib
0x00007fff245d1000 	/System/Library/Frameworks/CFNetwork.framework/Versions/A/CFNetwork
0x00007fff2a7fb000 	/usr/lib/libarchive.2.dylib
0x00007fff20e49000 	/usr/lib/libCRFSuite.dylib
0x00007fff29e89000 	/usr/lib/libbsm.0.dylib
0x00007fff23f8d000 	/usr/lib/libnetwork.dylib
0x00007fff2a6c0000 	/usr/lib/libpcap.A.dylib
0x00007fff26202000 	/usr/lib/libdns_services.dylib
0x00007fff2ad63000 	/usr/lib/libcoretls_cfhelpers.dylib
0x00007fff2a8ff000 	/usr/lib/libapple_nghttp2.dylib
0x00007fff2a653000 	/usr/lib/system/libkxld.dylib
0x00007fff25e70000 	/usr/lib/libsqlite3.dylib
0x00007fff2a3c7000 	/System/Library/PrivateFrameworks/AppleFSCompression.framework/Versions/A/AppleFSCompression
0x00007fff29e71000 	/usr/lib/libcoretls.dylib
0x00007fff2a92c000 	/usr/lib/libpam.2.dylib
0x00007fff2ae60000 	/usr/lib/libxar.1.dylib
0x00007fff2925a000 	/System/Library/PrivateFrameworks/AppleSystemInfo.framework/Versions/A/AppleSystemInfo
0x00007fff29ab4000 	/System/Library/PrivateFrameworks/IOMobileFramebuffer.framework/Versions/A/IOMobileFramebuffer
0x00007fff2a3d7000 	/usr/lib/libbz2.1.0.dylib
0x00007fff2a6f8000 	/usr/lib/libiconv.2.dylib
0x00007fff2a64c000 	/usr/lib/libcharset.1.dylib
0x00007fff273ad000 	/System/Library/Frameworks/CoreServices.framework/Versions/A/Frameworks/FSEvents.framework/Versions/A/FSEvents
0x00007fff22702000 	/System/Library/Frameworks/CoreServices.framework/Versions/A/Frameworks/CarbonCore.framework/Versions/A/CarbonCore
0x00007fff2640b000 	/System/Library/Frameworks/CoreServices.framework/Versions/A/Frameworks/Metadata.framework/Versions/A/Metadata
0x00007fff2a3ea000 	/System/Library/Frameworks/CoreServices.framework/Versions/A/Frameworks/OSServices.framework/Versions/A/OSServices
0x00007fff2a86d000 	/System/Library/Frameworks/CoreServices.framework/Versions/A/Frameworks/SearchKit.framework/Versions/A/SearchKit
0x00007fff2618c000 	/System/Library/Frameworks/CoreServices.framework/Versions/A/Frameworks/AE.framework/Versions/A/AE
0x00007fff20871000 	/System/Library/Frameworks/CoreServices.framework/Versions/A/Frameworks/LaunchServices.framework/Versions/A/LaunchServices
0x00007fff2acfb000 	/System/Library/Frameworks/CoreServices.framework/Versions/A/Frameworks/DictionaryServices.framework/Versions/A/DictionaryServices
0x00007fff273b6000 	/System/Library/Frameworks/CoreServices.framework/Versions/A/Frameworks/SharedFileList.framework/Versions/A/SharedFileList
0x00007fff29e65000 	/usr/lib/libCheckFix.dylib
0x00007fff24af2000 	/System/Library/PrivateFrameworks/TCC.framework/Versions/A/TCC
0x00007fff29260000 	/System/Library/PrivateFrameworks/CoreNLP.framework/Versions/A/CoreNLP
0x00007fff263be000 	/System/Library/PrivateFrameworks/MetadataUtilities.framework/Versions/A/MetadataUtilities
0x00007fff20e7f000 	/usr/lib/libmecabra.dylib
0x00007fff2a179000 	/System/Library/Frameworks/MLCompute.framework/Versions/A/MLCompute
0x00007fff29e9a000 	/usr/lib/libmecab.dylib
0x00007fff29ee4000 	/usr/lib/libgermantok.dylib
0x00007fff2a8d5000 	/usr/lib/libThaiTokenizer.dylib
0x00007fff2ae9b000 	/usr/lib/libChineseTokenizer.dylib
0x00007fff2a92a000 	/System/Library/Frameworks/MetalPerformanceShaders.framework/Versions/A/MetalPerformanceShaders
0x00007fff264ad000 	/System/Library/Frameworks/Accelerate.framework/Versions/A/Frameworks/vImage.framework/Versions/A/vImage
0x00007fff301dd000 	/System/Library/Frameworks/Accelerate.framework/Versions/A/Frameworks/vecLib.framework/Versions/A/vecLib
0x00007fff2aea6000 	/System/Library/Frameworks/Accelerate.framework/Versions/A/Frameworks/vecLib.framework/Versions/A/libvMisc.dylib
0x00007fff29910000 	/System/Library/Frameworks/Accelerate.framework/Versions/A/Frameworks/vecLib.framework/Versions/A/libvDSP.dylib
0x00007fff20b75000 	/System/Library/Frameworks/Accelerate.framework/Versions/A/Frameworks/vecLib.framework/Versions/A/libBLAS.dylib
0x00007fff2a950000 	/System/Library/Frameworks/Accelerate.framework/Versions/A/Frameworks/vecLib.framework/Versions/A/libLAPACK.dylib
0x00007fff29eea000 	/System/Library/Frameworks/Accelerate.framework/Versions/A/Frameworks/vecLib.framework/Versions/A/libLinearAlgebra.dylib
0x00007fff2a917000 	/System/Library/Frameworks/Accelerate.framework/Versions/A/Frameworks/vecLib.framework/Versions/A/libSparseBLAS.dylib
0x00007fff2a94a000 	/System/Library/Frameworks/Accelerate.framework/Versions/A/Frameworks/vecLib.framework/Versions/A/libQuadrature.dylib
0x00007fff29308000 	/System/Library/Frameworks/Accelerate.framework/Versions/A/Frameworks/vecLib.framework/Versions/A/libBNNS.dylib
0x00007fff20d5c000 	/System/Library/Frameworks/Accelerate.framework/Versions/A/Frameworks/vecLib.framework/Versions/A/libSparse.dylib
0x00007fff291f3000 	/System/Library/Frameworks/MetalPerformanceShaders.framework/Versions/A/Frameworks/MPSCore.framework/Versions/A/MPSCore
0x00007fff2a336000 	/System/Library/Frameworks/MetalPerformanceShaders.framework/Versions/A/Frameworks/MPSImage.framework/Versions/A/MPSImage
0x00007fff29f01000 	/System/Library/Frameworks/MetalPerformanceShaders.framework/Versions/A/Frameworks/MPSNeuralNetwork.framework/Versions/A/MPSNeuralNetwork
0x00007fff2a2c1000 	/System/Library/Frameworks/MetalPerformanceShaders.framework/Versions/A/Frameworks/MPSMatrix.framework/Versions/A/MPSMatrix
0x00007fff2a129000 	/System/Library/Frameworks/MetalPerformanceShaders.framework/Versions/A/Frameworks/MPSRayIntersector.framework/Versions/A/MPSRayIntersector
0x00007fff2a2f8000 	/System/Library/Frameworks/MetalPerformanceShaders.framework/Versions/A/Frameworks/MPSNDArray.framework/Versions/A/MPSNDArray
0x00007fff20aa1000 	/System/Library/PrivateFrameworks/MetalTools.framework/Versions/A/MetalTools
0x00007fff29258000 	/System/Library/PrivateFrameworks/AggregateDictionary.framework/Versions/A/AggregateDictionary
0x00007fff26396000 	/System/Library/PrivateFrameworks/CoreAnalytics.framework/Versions/A/CoreAnalytics
0x00007fff2a8d7000 	/System/Library/PrivateFrameworks/AppleSauce.framework/Versions/A/AppleSauce
0x00007fff2855e000 	/System/Library/PrivateFrameworks/IOAccelerator.framework/Versions/A/IOAccelerator
0x00007fff6cb6d000 	/System/Library/Frameworks/OpenGL.framework/Versions/A/Libraries/libCoreFSCache.dylib
0x00007fff2141b000 	/System/Library/PrivateFrameworks/LanguageModeling.framework/Versions/A/LanguageModeling
0x00007fff29aa1000 	/System/Library/PrivateFrameworks/CoreEmoji.framework/Versions/A/CoreEmoji
0x00007fff29301000 	/System/Library/PrivateFrameworks/LinguisticData.framework/Versions/A/LinguisticData
0x00007fff20d0e000 	/System/Library/PrivateFrameworks/Lexicon.framework/Versions/A/Lexicon
0x00007fff2a7e9000 	/usr/lib/libcmph.dylib
0x00007fff2738d000 	/System/Library/Frameworks/OpenDirectory.framework/Versions/A/Frameworks/CFOpenDirectory.framework/Versions/A/CFOpenDirectory
0x00007fff2737d000 	/System/Library/Frameworks/OpenDirectory.framework/Versions/A/OpenDirectory
0x00007fff2ad65000 	/System/Library/PrivateFrameworks/APFS.framework/Versions/A/APFS
0x00007fff29dc6000 	/System/Library/Frameworks/SecurityFoundation.framework/Versions/A/SecurityFoundation
0x00007fff2ae6e000 	/usr/lib/libutil.dylib
0x00007fff22a29000 	/System/Library/PrivateFrameworks/CoreServicesStore.framework/Versions/A/CoreServicesStore
0x00007fff29e5d000 	/System/Library/Frameworks/ServiceManagement.framework/Versions/A/ServiceManagement
0x00007fff2ae72000 	/usr/lib/libxslt.1.dylib
0x00007fff29e53000 	/System/Library/PrivateFrameworks/BackgroundTaskManagement.framework/Versions/A/BackgroundTaskManagement
0x00007fff2bfb6000 	/System/Library/Frameworks/ImageIO.framework/Versions/A/Resources/libRadiance.dylib
0x00007fff2bfbf000 	/System/Library/Frameworks/ImageIO.framework/Versions/A/Resources/libJPEG.dylib
0x00007fff2bf0b000 	/System/Library/Frameworks/ImageIO.framework/Versions/A/Resources/libPng.dylib
0x00007fff2bf32000 	/System/Library/Frameworks/ImageIO.framework/Versions/A/Resources/libTIFF.dylib
0x00007fff2c014000 	/System/Library/Frameworks/ImageIO.framework/Versions/A/Resources/libGIF.dylib
0x00007fff2bc6f000 	/System/Library/Frameworks/ImageIO.framework/Versions/A/Resources/libJP2.dylib
0x00007fff2b359000 	/usr/lib/libexpat.1.dylib
0x00007fff2bc24000 	/System/Library/PrivateFrameworks/AppleJPEG.framework/Versions/A/AppleJPEG
0x00007fff28794000 	/System/Library/PrivateFrameworks/FontServices.framework/libFontParser.dylib
0x00007fff26140000 	/System/Library/PrivateFrameworks/RunningBoardServices.framework/Versions/A/RunningBoardServices
0x00007fff2bd4d000 	/System/Library/PrivateFrameworks/WatchdogClient.framework/Versions/A/WatchdogClient
0x00007fff21508000 	/System/Library/Frameworks/CoreDisplay.framework/Versions/A/CoreDisplay
0x00007fff286aa000 	/System/Library/Frameworks/CoreMedia.framework/Versions/A/CoreMedia
0x00007fff2750a000 	/System/Library/Frameworks/CoreVideo.framework/Versions/A/CoreVideo
0x00007fff2bd85000 	/System/Library/Frameworks/VideoToolbox.framework/Versions/A/VideoToolbox
0x00007fff260be000 	/System/Library/PrivateFrameworks/BaseBoard.framework/Versions/A/BaseBoard
0x00007fff2b49e000 	/System/Library/PrivateFrameworks/PersistentConnection.framework/Versions/A/PersistentConnection
0x00007fff25e59000 	/System/Library/PrivateFrameworks/ProtocolBuffer.framework/Versions/A/ProtocolBuffer
0x00007fff260a5000 	/System/Library/PrivateFrameworks/CommonUtilities.framework/Versions/A/CommonUtilities
0x00007fff2bbb9000 	/System/Library/PrivateFrameworks/Bom.framework/Versions/A/Bom
0x00007fff2bfaf000 	/System/Library/PrivateFrameworks/GPUWrangler.framework/Versions/A/GPUWrangler
0x00007fff2bf92000 	/System/Library/PrivateFrameworks/IOPresentment.framework/Versions/A/IOPresentment
0x00007fff2bfb9000 	/System/Library/PrivateFrameworks/DSExternalDisplay.framework/Versions/A/DSExternalDisplay
0x00007fff2c019000 	/System/Library/PrivateFrameworks/CMCaptureCore.framework/Versions/A/CMCaptureCore
0x00007fff2b93e000 	/System/Library/PrivateFrameworks/AppServerSupport.framework/Versions/A/AppServerSupport
0x00007fff2d9ed000 	/System/Library/PrivateFrameworks/perfdata.framework/Versions/A/perfdata
0x00007fff29db5000 	/System/Library/PrivateFrameworks/AssertionServices.framework/Versions/A/AssertionServices
0x00007fff2163f000 	/System/Library/PrivateFrameworks/AudioToolboxCore.framework/Versions/A/AudioToolboxCore
0x00007fff2868d000 	/System/Library/PrivateFrameworks/caulk.framework/Versions/A/caulk
0x00007fff3d698000 	/System/Library/PrivateFrameworks/SystemPolicy.framework/Versions/A/SystemPolicy
0x00007fff2b14e000 	/usr/lib/libIOReport.dylib
0x00007fff2d20f000 	/usr/lib/libSMC.dylib
0x00007fff2bed8000 	/usr/lib/libAudioToolboxUtility.dylib
0x00007fff3e002000 	/usr/lib/libmis.dylib
0x00007fff6cbc9000 	/System/Library/Frameworks/OpenGL.framework/Versions/A/Libraries/libGLU.dylib
0x00007fff6cb8c000 	/System/Library/Frameworks/OpenGL.framework/Versions/A/Libraries/libGFXShared.dylib
0x00007fff6cd9b000 	/System/Library/Frameworks/OpenGL.framework/Versions/A/Libraries/libGL.dylib
0x00007fff6cb95000 	/System/Library/Frameworks/OpenGL.framework/Versions/A/Libraries/libGLImage.dylib
0x00007fff6cb89000 	/System/Library/Frameworks/OpenGL.framework/Versions/A/Libraries/libCVMSPluginSupport.dylib
0x00007fff6cb74000 	/System/Library/Frameworks/OpenGL.framework/Versions/A/Libraries/libCoreVMClient.dylib
0x00007fff6e1dc000 	/System/Library/Frameworks/OpenCL.framework/Versions/A/OpenCL
0x00007fff2b4c8000 	/System/Library/PrivateFrameworks/GraphVisualizer.framework/Versions/A/GraphVisualizer
0x00007fff2b4d7000 	/System/Library/PrivateFrameworks/FaceCore.framework/Versions/A/FaceCore
0x00007fff2b8f3000 	/System/Library/PrivateFrameworks/OTSVG.framework/Versions/A/OTSVG
0x00007fff27101000 	/System/Library/Frameworks/ApplicationServices.framework/Versions/A/Frameworks/ATS.framework/Versions/A/Resources/libFontRegistry.dylib
0x00007fff2b945000 	/System/Library/PrivateFrameworks/FontServices.framework/libhvf.dylib
0x00007fff2b305000 	/System/Library/PrivateFrameworks/AppleVA.framework/Versions/A/AppleVA
0x00007fff2d058000 	/System/Library/Frameworks/ApplicationServices.framework/Versions/A/Frameworks/ATS.framework/Versions/A/ATS
0x00007fff2d36a000 	/System/Library/Frameworks/ApplicationServices.framework/Versions/A/Frameworks/ColorSyncLegacy.framework/Versions/A/ColorSyncLegacy
0x00007fff25622000 	/System/Library/Frameworks/ApplicationServices.framework/Versions/A/Frameworks/HIServices.framework/Versions/A/HIServices
0x00007fff2d34f000 	/System/Library/Frameworks/ApplicationServices.framework/Versions/A/Frameworks/LangAnalysis.framework/Versions/A/LangAnalysis
0x00007fff2c023000 	/System/Library/Frameworks/ApplicationServices.framework/Versions/A/Frameworks/PrintCore.framework/Versions/A/PrintCore
0x00007fff2d372000 	/System/Library/Frameworks/ApplicationServices.framework/Versions/A/Frameworks/QD.framework/Versions/A/QD
0x00007fff2d048000 	/System/Library/Frameworks/ApplicationServices.framework/Versions/A/Frameworks/SpeechSynthesis.framework/Versions/A/SpeechSynthesis
0x00007fff2bfe4000 	/System/Library/Frameworks/ApplicationServices.framework/Versions/A/Frameworks/ATSUI.framework/Versions/A/ATSUI
0x00007fff2d2ef000 	/usr/lib/libcups.2.dylib
0x00007fff2d35f000 	/System/Library/PrivateFrameworks/NetAuth.framework/Versions/A/NetAuth
0x00007fff2da09000 	/System/Library/Frameworks/Kerberos.framework/Versions/A/Kerberos
0x00007fff2da19000 	/System/Library/Frameworks/GSS.framework/Versions/A/GSS
0x00007fff2d0c4000 	/usr/lib/libresolv.9.dylib
0x00007fff2b95a000 	/System/Library/PrivateFrameworks/Heimdal.framework/Versions/A/Heimdal
0x00007fff3379d000 	/System/Library/Frameworks/Kerberos.framework/Versions/A/Libraries/libHeimdalProxy.dylib
0x00007fff26211000 	/System/Library/Frameworks/Network.framework/Versions/A/Network
0x00007fff2b373000 	/usr/lib/libheimdal-asn1.dylib
0x00007fff2da69000 	/System/Library/PrivateFrameworks/CommonAuth.framework/Versions/A/CommonAuth
0x00007fff27557000 	/System/Library/PrivateFrameworks/login.framework/Versions/A/Frameworks/loginsupport.framework/Versions/A/loginsupport
0x00007fff2cfcd000 	/System/Library/PrivateFrameworks/AudioSession.framework/Versions/A/AudioSession
0x00007fff2d035000 	/usr/lib/libAudioStatistics.dylib
0x00007fff2b400000 	/System/Library/PrivateFrameworks/MediaExperience.framework/Versions/A/MediaExperience
0x00007fff2ce6a000 	/System/Library/PrivateFrameworks/AudioSession.framework/libSessionUtility.dylib
0x00007fff2d9fa000 	/usr/lib/libperfcheck.dylib
0x00007fff2d37e000 	/System/Library/PrivateFrameworks/AudioResourceArbitration.framework/Versions/A/AudioResourceArbitration
0x00007fff2b37d000 	/System/Library/PrivateFrameworks/IconFoundation.framework/Versions/A/IconFoundation
0x00007fff2fea7000 	/System/Library/PrivateFrameworks/SpeechRecognitionCore.framework/Versions/A/SpeechRecognitionCore
0x00007fff592f4000 	/System/Library/CoreServices/Encodings/libJapaneseConverter.dylib
0x000000010e800000 	/Applications/Eclipse_2021-06.app/Contents/java/8/Home/jre/lib/server/libjvm.dylib
0x00007fff78ab5000 	/usr/lib/libstdc++.6.dylib
0x000000010a582000 	/Applications/Eclipse_2021-06.app/Contents/java/8/Home/jre/lib/libverify.dylib
0x000000010a5a2000 	/Applications/Eclipse_2021-06.app/Contents/java/8/Home/jre/lib/libjava.dylib
0x000000010a669000 	/Applications/Eclipse_2021-06.app/Contents/java/8/Home/jre/lib/libzip.dylib

VM Arguments:
jvm_args: -Djava.ext.dirs=/Applications/Eclipse_2021-06.app/Contents/java/8/Home/jre/lib/ext -Dfile.encoding=UTF-8 
java_command: exception.Exception02
java_class_path (initial): /Users/akariimade/Desktop/wcp/JavaWcp/bin
Launcher Type: SUN_STANDARD

Environment Variables:
PATH=/usr/bin:/bin:/usr/sbin:/sbin
SHELL=/bin/zsh

Signal Handlers:
SIGSEGV: [libjvm.dylib+0x5b719d], sa_mask[0]=11111111111111111111111111111111, sa_flags=SA_ONSTACK|SA_RESTART|SA_SIGINFO
SIGBUS: [libjvm.dylib+0x5b719d], sa_mask[0]=11111111111111111111111111111111, sa_flags=SA_RESTART|SA_SIGINFO
SIGFPE: [libjvm.dylib+0x48c8fc], sa_mask[0]=11111111111111111111111111111111, sa_flags=SA_RESTART|SA_SIGINFO
SIGPIPE: [libjvm.dylib+0x48c8fc], sa_mask[0]=11111111111111111111111111111111, sa_flags=SA_RESTART|SA_SIGINFO
SIGXFSZ: [libjvm.dylib+0x48c8fc], sa_mask[0]=11111111111111111111111111111111, sa_flags=SA_RESTART|SA_SIGINFO
SIGILL: [libjvm.dylib+0x48c8fc], sa_mask[0]=11111111111111111111111111111111, sa_flags=SA_RESTART|SA_SIGINFO
SIGUSR1: SIG_DFL, sa_mask[0]=00000000000000000000000000000000, sa_flags=none
SIGUSR2: [libjvm.dylib+0x48c41a], sa_mask[0]=00100000000000000000000000000000, sa_flags=SA_RESTART|SA_SIGINFO
SIGHUP: [libjvm.dylib+0x48a9a5], sa_mask[0]=11111111111111111111111111111111, sa_flags=SA_RESTART|SA_SIGINFO
SIGINT: [libjvm.dylib+0x48a9a5], sa_mask[0]=11111111111111111111111111111111, sa_flags=SA_RESTART|SA_SIGINFO
SIGTERM: [libjvm.dylib+0x48a9a5], sa_mask[0]=11111111111111111111111111111111, sa_flags=SA_RESTART|SA_SIGINFO
SIGQUIT: [libjvm.dylib+0x48a9a5], sa_mask[0]=11111111111111111111111111111111, sa_flags=SA_RESTART|SA_SIGINFO


---------------  S Y S T E M  ---------------

OS:Bsduname:Darwin 20.3.0 Darwin Kernel Version 20.3.0: Thu Jan 21 00:06:51 PST 2021; root:xnu-7195.81.3~1/RELEASE_ARM64_T8101 x86_64
rlimit: STACK 8176k, CORE 0k, NPROC 2666, NOFILE 10240, AS infinity
load average:1.17 1.15 1.30

CPU:total 8 (initial active 8) (1 cores per cpu, 1 threads per core) family 6 model 44 stepping 0, cmov, cx8, fxsr, mmx, sse, sse2, sse3, ssse3, sse4.1, sse4.2, popcnt, aes, clmul, tsc, tscinvbit, tscinv

Memory: 4k page, physical 16777216k(114896k free)

/proc/meminfo:


vm_info: Java HotSpot(TM) 64-Bit Server VM (25.202-b08) for bsd-amd64 JRE (1.8.0_202-b08), built on Dec 15 2018 20:16:16 by "java_re" with gcc 4.2.1 (Based on Apple Inc. build 5658) (LLVM build 2336.11.00)

time: Wed Jul 28 10:35:59 2021
timezone: JST
elapsed time: 0 seconds (0d 0h 0m 0s)

